<?xml version="1.0" encoding="UTF-8"?>
<!-- Generated by org.testng.reporters.JUnitReportReporter -->
<testsuite hostname="Anamikasaluja" failures="0" tests="1" name="com.selenium.test" time="0.018" errors="0" timestamp="2020-05-10T23:17:14 IST" skipped="0">
  <testcase classname="com.selenium.test" name="doLogin" time="0.018"/>
</testsuite> <!-- com.selenium.test -->
