<?xml version="1.0" encoding="UTF-8"?>
<!-- Generated by org.testng.reporters.JUnitReportReporter -->
<testsuite hostname="Anamikasaluja" failures="0" tests="1" name="TestCases.searches" time="34.184" errors="0" timestamp="2020-05-22T17:22:23 IST" skipped="0">
  <testcase classname="TestCases.searches" name="Home" time="34.184"/>
  <system-out/>
</testsuite> <!-- TestCases.searches -->
